0 info it worked if it ends with ok
1 verbose cli [ '/Users/davidwells/.nvm/versions/node/v6.6.0/bin/node',
1 verbose cli   '/Users/davidwells/.nvm/versions/node/v6.6.0/bin/npm',
1 verbose cli   'run',
1 verbose cli   'docs' ]
2 info using npm@3.10.3
3 info using node@v6.6.0
4 verbose run-script [ 'predocs', 'docs', 'postdocs' ]
5 info lifecycle markdown-steroids@0.0.3~predocs: markdown-steroids@0.0.3
6 silly lifecycle markdown-steroids@0.0.3~predocs: no script for predocs, continuing
7 info lifecycle markdown-steroids@0.0.3~docs: markdown-steroids@0.0.3
8 verbose lifecycle markdown-steroids@0.0.3~docs: unsafe-perm in lifecycle true
9 verbose lifecycle markdown-steroids@0.0.3~docs: PATH: /Users/davidwells/.nvm/versions/node/v6.6.0/lib/node_modules/npm/bin/node-gyp-bin:/Users/davidwells/Dropbox/Projects/markdown-steroids/node_modules/.bin:/Users/davidwells/.nvm/versions/node/v6.6.0/bin:/Users/davidwells/Dropbox/Projects/markdown-steroids/node_modules/.bin:/usr/local/Cellar/git/2.4.2/libexec/git-core:/Users/davidwells/.nvm/versions/node/v6.6.0/bin:/Applications/MAMP/bin/php/php5.4.39/bin:/usr/local/bin:/usr/bin:/bin:/usr/sbin:/sbin
10 verbose lifecycle markdown-steroids@0.0.3~docs: CWD: /Users/davidwells/Dropbox/Projects/markdown-steroids
11 silly lifecycle markdown-steroids@0.0.3~docs: Args: [ '-c', 'node example/example.js' ]
12 silly lifecycle markdown-steroids@0.0.3~docs: Returned: code: 1  signal: null
13 info lifecycle markdown-steroids@0.0.3~docs: Failed to exec docs script
14 verbose stack Error: markdown-steroids@0.0.3 docs: `node example/example.js`
14 verbose stack Exit status 1
14 verbose stack     at EventEmitter.<anonymous> (/Users/davidwells/.nvm/versions/node/v6.6.0/lib/node_modules/npm/lib/utils/lifecycle.js:242:16)
14 verbose stack     at emitTwo (events.js:106:13)
14 verbose stack     at EventEmitter.emit (events.js:191:7)
14 verbose stack     at ChildProcess.<anonymous> (/Users/davidwells/.nvm/versions/node/v6.6.0/lib/node_modules/npm/lib/utils/spawn.js:40:14)
14 verbose stack     at emitTwo (events.js:106:13)
14 verbose stack     at ChildProcess.emit (events.js:191:7)
14 verbose stack     at maybeClose (internal/child_process.js:877:16)
14 verbose stack     at Process.ChildProcess._handle.onexit (internal/child_process.js:226:5)
15 verbose pkgid markdown-steroids@0.0.3
16 verbose cwd /Users/davidwells/Dropbox/Projects/markdown-steroids
17 error Darwin 14.5.0
18 error argv "/Users/davidwells/.nvm/versions/node/v6.6.0/bin/node" "/Users/davidwells/.nvm/versions/node/v6.6.0/bin/npm" "run" "docs"
19 error node v6.6.0
20 error npm  v3.10.3
21 error code ELIFECYCLE
22 error markdown-steroids@0.0.3 docs: `node example/example.js`
22 error Exit status 1
23 error Failed at the markdown-steroids@0.0.3 docs script 'node example/example.js'.
23 error Make sure you have the latest version of node.js and npm installed.
23 error If you do, this is most likely a problem with the markdown-steroids package,
23 error not with npm itself.
23 error Tell the author that this fails on your system:
23 error     node example/example.js
23 error You can get information on how to open an issue for this project with:
23 error     npm bugs markdown-steroids
23 error Or if that isn't available, you can get their info via:
23 error     npm owner ls markdown-steroids
23 error There is likely additional logging output above.
24 verbose exit [ 1, true ]
